Arguments: 
  /Users/piyushsardana/.nvm/versions/node/v16.16.0/bin/node /opt/homebrew/Cellar/yarn/1.22.19/libexec/bin/yarn.js

PATH: 
  /Users/piyushsardana/.pyenv/shims:/Users/piyushsardana/.pyenv/bin:/Users/piyushsardana/.nvm/versions/node/v16.16.0/bin:/opt/homebrew/bin:/opt/homebrew/sbin:/usr/local/bin:/System/Cryptexes/App/usr/bin:/usr/bin:/bin:/usr/sbin:/sbin:/usr/local/share/dotnet:~/.dotnet/tools:/Users/piyushsardana/.pyenv/bin:/Users/piyushsardana/.nvm/versions/node/v16.16.0/bin:/opt/homebrew/bin:/opt/homebrew/sbin:/Users/piyushsardana/.cargo/bin:/Users/piyushsardana/.fig/bin:/Users/piyushsardana/.local/bin:/Users/piyushsardana/.dotnet/tools:/Users/piyushsardana/.local/share/fig/plugins/git-flow:/Users/piyushsardana/.dotnet/tools:/Users/piyushsardana/.dotnet/tools:/Users/piyushsardana/.local/share/fig/plugins/git-flow

Yarn version: 
  1.22.19

Node version: 
  16.16.0

Platform: 
  darwin arm64

Trace: 
  Error: https://verdaccio.forto.io/axios: authorization required to access package axios
      at Request.params.callback [as _callback] (/opt/homebrew/Cellar/yarn/1.22.19/libexec/lib/cli.js:66145:18)
      at Request.self.callback (/opt/homebrew/Cellar/yarn/1.22.19/libexec/lib/cli.js:140890:22)
      at Request.emit (node:events:527:28)
      at Request.<anonymous> (/opt/homebrew/Cellar/yarn/1.22.19/libexec/lib/cli.js:141862:10)
      at Request.emit (node:events:527:28)
      at IncomingMessage.<anonymous> (/opt/homebrew/Cellar/yarn/1.22.19/libexec/lib/cli.js:141784:12)
      at Object.onceWrapper (node:events:641:28)
      at IncomingMessage.emit (node:events:539:35)
      at endReadableNT (node:internal/streams/readable:1345:12)
      at processTicksAndRejections (node:internal/process/task_queues:83:21)

npm manifest: 
  {
    "name": "permit-fe-sdk",
    "version": "1.2.0",
    "description": "",
    "main": "lib/index.js",
    "types": "lib/index.d.ts",
    "scripts": {
      "test": "jest --config jestconfig.json",
      "build": "tsc",
      "format": "prettier --write \"src/**/*.ts\" \"src/**/*.js\"",
      "lint": "tslint -p tsconfig.json",
      "prepare": "npm run build",
      "prepublishOnly": "npm test && npm run lint",
      "preversion": "npm run lint",
      "version": "npm run format && git add -A src",
      "postversion": "git push && git push --tags"
    },
    "repository": {
      "type": "git",
      "url": "git+https://github.com/permitio/permit-fe-sdk.git"
    },
    "files": [
      "lib/**/*"
    ],
    "keywords": [],
    "author": "Permit",
    "license": "MIT",
    "bugs": {
      "url": "https://github.com/permitio/permit-fe-sdk/issues"
    },
    "homepage": "https://github.com/permitio/permit-fe-sdk#readme",
    "devDependencies": {
      "@types/jest": "^28.1.4",
      "jest": "^28.1.2",
      "prettier": "^2.7.1",
      "ts-jest": "^28.0.5",
      "tslint": "^6.1.3",
      "tslint-config-prettier": "^1.18.0",
      "typescript": "^4.7.4"
    },
    "dependencies": {
      "axios": "^0.27.2"
    }
  }

yarn manifest: 
  No manifest

Lockfile: 
  No lockfile
